<?xml version="1.0" encoding="UTF-8"?>
<!-- Generated by org.testng.reporters.JUnitReportReporter -->
<testsuite hostname="Abhipriya" failures="0" tests="1" name="testcases.TotalCode" time="17.838" errors="0" timestamp="2022-11-08T17:39:45 IST" skipped="0">
  <testcase classname="testcases.TotalCode" name="VerifySumofProducts" time="17.838"/>
  <system-out/>
</testsuite> <!-- testcases.TotalCode -->
