<?xml version="1.0" encoding="UTF-8"?>
<!-- Generated by org.testng.reporters.JUnitReportReporter -->
<testsuite hostname="Abhipriya" failures="0" tests="1" name="testcases.VerfiyProductsInCart" time="13.859" errors="0" timestamp="2022-11-10T14:51:52 IST" skipped="0">
  <testcase classname="testcases.VerfiyProductsInCart" name="login" time="13.859"/>
  <system-out/>
</testsuite> <!-- testcases.VerfiyProductsInCart -->
